<?xml version="1.0" encoding="UTF-8"?>
<testsuite xmlns:xsi="http://www.w3.org/2001/XMLSchema-instance" xsi:noNamespaceSchemaLocation="https://maven.apache.org/surefire/maven-surefire-plugin/xsd/surefire-test-report.xsd" name="com.hitit.github.hitit.ApplicationTests" time="7.583" tests="5" errors="0" skipped="0" failures="0">
  <properties>
[...]
</properties>
  <testcase name="userSizeOfRepositoryShouldReturnNotNull" classname="com.hitit.github.hitit.ApplicationTests" time="1.902"/>
  <testcase name="getReposShouldReturnRepos" classname="com.hitit.github.hitit.ApplicationTests" time="0.573"/>
  <testcase name="repoSizeShouldReturnMaximum5" classname="com.hitit.github.hitit.ApplicationTests" time="0.015"/>
  <testcase name="reposApi" classname="com.hitit.github.hitit.ApplicationTests" time="0.001"/>
  <testcase name="contextLoads" classname="com.hitit.github.hitit.ApplicationTests" time="0.002"/>
</testsuite>